  [1m[35m (2.5ms)[0m  [1m[35mCREATE TABLE "schema_migrations" ("version" varchar NOT NULL PRIMARY KEY) /*application='CamaarProj'*/[0m
  [1m[35m (0.5ms)[0m  [1m[35mCREATE TABLE "ar_internal_metadata" ("key" varchar NOT NULL PRIMARY KEY, "value" varchar, "created_at" datetime(6) NOT NULL, "updated_at" datetime(6) NOT NULL) /*application='CamaarProj'*/[0m
  [1m[36mActiveRecord::InternalMetadata Load (0.3ms)[0m  [1m[34mSELECT * FROM "ar_internal_metadata" WHERE "ar_internal_metadata"."key" = 'environment' ORDER BY "ar_internal_metadata"."key" ASC LIMIT 1 /*application='CamaarProj'*/[0m
  [1m[36mActiveRecord::InternalMetadata Create (0.4ms)[0m  [1m[32mINSERT INTO "ar_internal_metadata" ("key", "value", "created_at", "updated_at") VALUES ('environment', 'development', '2025-11-29 19:16:16.258342', '2025-11-29 19:16:16.258350') RETURNING "key" /*application='CamaarProj'*/[0m
  [1m[36mActiveRecord::SchemaMigration Load (0.2ms)[0m  [1m[34mSELECT "schema_migrations"."version" FROM "schema_migrations" ORDER BY "schema_migrations"."version" ASC /*application='CamaarProj'*/[0m
  [1m[36mActiveRecord::InternalMetadata Load (0.5ms)[0m  [1m[34mSELECT * FROM "ar_internal_metadata" WHERE "ar_internal_metadata"."key" = 'environment' ORDER BY "ar_internal_metadata"."key" ASC LIMIT 1 /*application='CamaarProj'*/[0m
  [1m[36mActiveRecord::SchemaMigration Load (0.3ms)[0m  [1m[34mSELECT "schema_migrations"."version" FROM "schema_migrations" ORDER BY "schema_migrations"."version" ASC /*application='CamaarProj'*/[0m
Migrating to CreateUsuarios (20251129191708)
  [1m[36mTRANSACTION (0.2ms)[0m  [1m[35mBEGIN immediate TRANSACTION /*application='CamaarProj'*/[0m
  [1m[35m (4.3ms)[0m  [1m[35mCREATE TABLE "usuarios" ("id" integer PRIMARY KEY AUTOINCREMENT NOT NULL, "nome" varchar, "email" varchar, "matricula" varchar, "usuario" varchar, "password_digest" varchar, "ocupacao" integer, "status" boolean, "created_at" datetime(6) NOT NULL, "updated_at" datetime(6) NOT NULL) /*application='CamaarProj'*/[0m
  [1m[36mActiveRecord::SchemaMigration Create (0.4ms)[0m  [1m[32mINSERT INTO "schema_migrations" ("version") VALUES ('20251129191708') RETURNING "version" /*application='CamaarProj'*/[0m
  [1m[36mTRANSACTION (2.5ms)[0m  [1m[35mCOMMIT TRANSACTION /*application='CamaarProj'*/[0m
Migrating to CreateMaterias (20251129191719)
  [1m[36mTRANSACTION (0.2ms)[0m  [1m[35mBEGIN immediate TRANSACTION /*application='CamaarProj'*/[0m
  [1m[35m (3.0ms)[0m  [1m[35mCREATE TABLE "materias" ("id" integer PRIMARY KEY AUTOINCREMENT NOT NULL, "codigo" varchar, "nome" varchar, "created_at" datetime(6) NOT NULL, "updated_at" datetime(6) NOT NULL) /*application='CamaarProj'*/[0m
  [1m[36mActiveRecord::SchemaMigration Create (0.4ms)[0m  [1m[32mINSERT INTO "schema_migrations" ("version") VALUES ('20251129191719') RETURNING "version" /*application='CamaarProj'*/[0m
  [1m[36mTRANSACTION (0.2ms)[0m  [1m[35mCOMMIT TRANSACTION /*application='CamaarProj'*/[0m
Migrating to CreateTurmas (20251129191738)
  [1m[36mTRANSACTION (0.1ms)[0m  [1m[35mBEGIN immediate TRANSACTION /*application='CamaarProj'*/[0m
  [1m[35m (3.0ms)[0m  [1m[35mCREATE TABLE "turmas" ("id" integer PRIMARY KEY AUTOINCREMENT NOT NULL, "codigo" varchar, "semestre" varchar, "horario" varchar, "materia_id" integer NOT NULL, "id_docente" integer NOT NULL, "created_at" datetime(6) NOT NULL, "updated_at" datetime(6) NOT NULL, CONSTRAINT "fk_rails_cdf830b4bd"
FOREIGN KEY ("materia_id")
  REFERENCES "materia" ("id")
) /*application='CamaarProj'*/[0m
  [1m[35m (0.3ms)[0m  [1m[35mCREATE INDEX "index_turmas_on_materia_id" ON "turmas" ("materia_id") /*application='CamaarProj'*/[0m
  [1m[35mSQL (0.1ms)[0m  [1m[35mPRAGMA foreign_keys /*application='CamaarProj'*/[0m
  [1m[35mSQL (0.1ms)[0m  [1m[35mPRAGMA defer_foreign_keys /*application='CamaarProj'*/[0m
  [1m[35m (0.1ms)[0m  [1m[35mPRAGMA defer_foreign_keys = ON /*application='CamaarProj'*/[0m
  [1m[35m (0.1ms)[0m  [1m[35mPRAGMA foreign_keys = OFF /*application='CamaarProj'*/[0m
  [1m[35m (0.4ms)[0m  [1m[35mCREATE TEMPORARY TABLE "aturmas" ("id" integer PRIMARY KEY AUTOINCREMENT NOT NULL, "codigo" varchar, "semestre" varchar, "horario" varchar, "materia_id" integer NOT NULL, "id_docente" integer NOT NULL, "created_at" datetime(6) NOT NULL, "updated_at" datetime(6) NOT NULL) /*application='CamaarProj'*/[0m
  [1m[35m (0.3ms)[0m  [1m[35mCREATE INDEX "tindex_aturmas_on_materia_id" ON "aturmas" ("materia_id") /*application='CamaarProj'*/[0m
  [1m[35mSQL (0.2ms)[0m  [1m[32mINSERT INTO "aturmas" ("id","codigo","semestre","horario","materia_id","id_docente","created_at","updated_at")
                     SELECT "id","codigo","semestre","horario","materia_id","id_docente","created_at","updated_at" FROM "turmas" /*application='CamaarProj'*/[0m
  [1m[35m (0.5ms)[0m  [1m[35mDROP TABLE "turmas" /*application='CamaarProj'*/[0m
  [1m[35m (0.4ms)[0m  [1m[35mCREATE TABLE "turmas" ("id" integer PRIMARY KEY AUTOINCREMENT NOT NULL, "codigo" varchar, "semestre" varchar, "horario" varchar, "materia_id" integer NOT NULL, "id_docente" integer NOT NULL, "created_at" datetime(6) NOT NULL, "updated_at" datetime(6) NOT NULL, CONSTRAINT "fk_rails_cdf830b4bd"
FOREIGN KEY ("materia_id")
  REFERENCES "materia" ("id")
, CONSTRAINT "fk_rails_41204668c9"
FOREIGN KEY ("id_docente")
  REFERENCES "usuarios" ("id")
) /*application='CamaarProj'*/[0m
  [1m[35m (0.3ms)[0m  [1m[35mCREATE INDEX "index_turmas_on_materia_id" ON "turmas" ("materia_id") /*application='CamaarProj'*/[0m
  [1m[35mSQL (1.0ms)[0m  [1m[32mINSERT INTO "turmas" ("id","codigo","semestre","horario","materia_id","id_docente","created_at","updated_at")
                     SELECT "id","codigo","semestre","horario","materia_id","id_docente","created_at","updated_at" FROM "aturmas" /*application='CamaarProj'*/[0m
  [1m[35m (0.2ms)[0m  [1m[35mPRAGMA defer_foreign_keys = 0 /*application='CamaarProj'*/[0m
  [1m[35m (0.2ms)[0m  [1m[35mPRAGMA foreign_keys = 1 /*application='CamaarProj'*/[0m
  [1m[36mTRANSACTION (0.2ms)[0m  [1m[31mROLLBACK TRANSACTION /*application='CamaarProj'*/[0m
  [1m[36mActiveRecord::InternalMetadata Load (0.3ms)[0m  [1m[34mSELECT * FROM "ar_internal_metadata" WHERE "ar_internal_metadata"."key" = 'environment' ORDER BY "ar_internal_metadata"."key" ASC LIMIT 1 /*application='CamaarProj'*/[0m
  [1m[36mActiveRecord::SchemaMigration Load (0.2ms)[0m  [1m[34mSELECT "schema_migrations"."version" FROM "schema_migrations" ORDER BY "schema_migrations"."version" ASC /*application='CamaarProj'*/[0m
Migrating to CreateTurmas (20251129191738)
  [1m[36mTRANSACTION (0.1ms)[0m  [1m[35mBEGIN immediate TRANSACTION /*application='CamaarProj'*/[0m
  [1m[35m (3.2ms)[0m  [1m[35mCREATE TABLE "turmas" ("id" integer PRIMARY KEY AUTOINCREMENT NOT NULL, "codigo" varchar, "semestre" varchar, "horario" varchar, "materia_id" integer NOT NULL, "id_docente" integer NOT NULL, "created_at" datetime(6) NOT NULL, "updated_at" datetime(6) NOT NULL, CONSTRAINT "fk_rails_cdf830b4bd"
FOREIGN KEY ("materia_id")
  REFERENCES "materias" ("id")
) /*application='CamaarProj'*/[0m
  [1m[35m (0.3ms)[0m  [1m[35mCREATE INDEX "index_turmas_on_materia_id" ON "turmas" ("materia_id") /*application='CamaarProj'*/[0m
  [1m[35mSQL (0.1ms)[0m  [1m[35mPRAGMA foreign_keys /*application='CamaarProj'*/[0m
  [1m[35mSQL (0.1ms)[0m  [1m[35mPRAGMA defer_foreign_keys /*application='CamaarProj'*/[0m
  [1m[35m (0.2ms)[0m  [1m[35mPRAGMA defer_foreign_keys = ON /*application='CamaarProj'*/[0m
  [1m[35m (0.1ms)[0m  [1m[35mPRAGMA foreign_keys = OFF /*application='CamaarProj'*/[0m
  [1m[35m (0.5ms)[0m  [1m[35mCREATE TEMPORARY TABLE "aturmas" ("id" integer PRIMARY KEY AUTOINCREMENT NOT NULL, "codigo" varchar, "semestre" varchar, "horario" varchar, "materia_id" integer NOT NULL, "id_docente" integer NOT NULL, "created_at" datetime(6) NOT NULL, "updated_at" datetime(6) NOT NULL) /*application='CamaarProj'*/[0m
  [1m[35m (0.3ms)[0m  [1m[35mCREATE INDEX "tindex_aturmas_on_materia_id" ON "aturmas" ("materia_id") /*application='CamaarProj'*/[0m
  [1m[35mSQL (0.2ms)[0m  [1m[32mINSERT INTO "aturmas" ("id","codigo","semestre","horario","materia_id","id_docente","created_at","updated_at")
                     SELECT "id","codigo","semestre","horario","materia_id","id_docente","created_at","updated_at" FROM "turmas" /*application='CamaarProj'*/[0m
  [1m[35m (0.7ms)[0m  [1m[35mDROP TABLE "turmas" /*application='CamaarProj'*/[0m
  [1m[35m (0.4ms)[0m  [1m[35mCREATE TABLE "turmas" ("id" integer PRIMARY KEY AUTOINCREMENT NOT NULL, "codigo" varchar, "semestre" varchar, "horario" varchar, "materia_id" integer NOT NULL, "id_docente" integer NOT NULL, "created_at" datetime(6) NOT NULL, "updated_at" datetime(6) NOT NULL, CONSTRAINT "fk_rails_cdf830b4bd"
FOREIGN KEY ("materia_id")
  REFERENCES "materias" ("id")
, CONSTRAINT "fk_rails_41204668c9"
FOREIGN KEY ("id_docente")
  REFERENCES "usuarios" ("id")
) /*application='CamaarProj'*/[0m
  [1m[35m (0.3ms)[0m  [1m[35mCREATE INDEX "index_turmas_on_materia_id" ON "turmas" ("materia_id") /*application='CamaarProj'*/[0m
  [1m[35mSQL (0.2ms)[0m  [1m[32mINSERT INTO "turmas" ("id","codigo","semestre","horario","materia_id","id_docente","created_at","updated_at")
                     SELECT "id","codigo","semestre","horario","materia_id","id_docente","created_at","updated_at" FROM "aturmas" /*application='CamaarProj'*/[0m
  [1m[35m (0.5ms)[0m  [1m[35mDROP TABLE "aturmas" /*application='CamaarProj'*/[0m
  [1m[35m (0.1ms)[0m  [1m[35mPRAGMA defer_foreign_keys = 0 /*application='CamaarProj'*/[0m
  [1m[35m (0.1ms)[0m  [1m[35mPRAGMA foreign_keys = 1 /*application='CamaarProj'*/[0m
  [1m[35m (0.6ms)[0m  [1m[35mCREATE INDEX "index_turmas_on_id_docente" ON "turmas" ("id_docente") /*application='CamaarProj'*/[0m
  [1m[36mActiveRecord::SchemaMigration Create (0.5ms)[0m  [1m[32mINSERT INTO "schema_migrations" ("version") VALUES ('20251129191738') RETURNING "version" /*application='CamaarProj'*/[0m
  [1m[36mTRANSACTION (2.2ms)[0m  [1m[35mCOMMIT TRANSACTION /*application='CamaarProj'*/[0m
Migrating to CreateTemplates (20251129191741)
  [1m[36mTRANSACTION (0.2ms)[0m  [1m[35mBEGIN immediate TRANSACTION /*application='CamaarProj'*/[0m
  [1m[35m (3.6ms)[0m  [1m[35mCREATE TABLE "templates" ("id" integer PRIMARY KEY AUTOINCREMENT NOT NULL, "titulo" varchar, "participantes" varchar, "id_criador" integer NOT NULL, "created_at" datetime(6) NOT NULL, "updated_at" datetime(6) NOT NULL) /*application='CamaarProj'*/[0m
  [1m[35mSQL (0.1ms)[0m  [1m[35mPRAGMA foreign_keys /*application='CamaarProj'*/[0m
  [1m[35mSQL (0.1ms)[0m  [1m[35mPRAGMA defer_foreign_keys /*application='CamaarProj'*/[0m
  [1m[35m (0.1ms)[0m  [1m[35mPRAGMA defer_foreign_keys = ON /*application='CamaarProj'*/[0m
  [1m[35m (0.1ms)[0m  [1m[35mPRAGMA foreign_keys = OFF /*application='CamaarProj'*/[0m
  [1m[35m (0.8ms)[0m  [1m[35mCREATE TEMPORARY TABLE "atemplates" ("id" integer PRIMARY KEY AUTOINCREMENT NOT NULL, "titulo" varchar, "participantes" varchar, "id_criador" integer NOT NULL, "created_at" datetime(6) NOT NULL, "updated_at" datetime(6) NOT NULL) /*application='CamaarProj'*/[0m
  [1m[35mSQL (0.2ms)[0m  [1m[32mINSERT INTO "atemplates" ("id","titulo","participantes","id_criador","created_at","updated_at")
                     SELECT "id","titulo","participantes","id_criador","created_at","updated_at" FROM "templates" /*application='CamaarProj'*/[0m
  [1m[35m (0.5ms)[0m  [1m[35mDROP TABLE "templates" /*application='CamaarProj'*/[0m
  [1m[35m (0.4ms)[0m  [1m[35mCREATE TABLE "templates" ("id" integer PRIMARY KEY AUTOINCREMENT NOT NULL, "titulo" varchar, "participantes" varchar, "id_criador" integer NOT NULL, "created_at" datetime(6) NOT NULL, "updated_at" datetime(6) NOT NULL, CONSTRAINT "fk_rails_327167cb83"
FOREIGN KEY ("id_criador")
  REFERENCES "usuarios" ("id")
) /*application='CamaarProj'*/[0m
  [1m[35mSQL (0.2ms)[0m  [1m[32mINSERT INTO "templates" ("id","titulo","participantes","id_criador","created_at","updated_at")
                     SELECT "id","titulo","participantes","id_criador","created_at","updated_at" FROM "atemplates" /*application='CamaarProj'*/[0m
  [1m[35m (0.3ms)[0m  [1m[35mDROP TABLE "atemplates" /*application='CamaarProj'*/[0m
  [1m[35m (0.1ms)[0m  [1m[35mPRAGMA defer_foreign_keys = 0 /*application='CamaarProj'*/[0m
  [1m[35m (0.1ms)[0m  [1m[35mPRAGMA foreign_keys = 1 /*application='CamaarProj'*/[0m
  [1m[35m (0.3ms)[0m  [1m[35mCREATE INDEX "index_templates_on_id_criador" ON "templates" ("id_criador") /*application='CamaarProj'*/[0m
  [1m[36mActiveRecord::SchemaMigration Create (0.3ms)[0m  [1m[32mINSERT INTO "schema_migrations" ("version") VALUES ('20251129191741') RETURNING "version" /*application='CamaarProj'*/[0m
  [1m[36mTRANSACTION (0.4ms)[0m  [1m[35mCOMMIT TRANSACTION /*application='CamaarProj'*/[0m
Migrating to CreateQuestoes (20251129191758)
  [1m[36mTRANSACTION (0.2ms)[0m  [1m[35mBEGIN immediate TRANSACTION /*application='CamaarProj'*/[0m
  [1m[35m (3.8ms)[0m  [1m[35mCREATE TABLE "questoes" ("id" integer PRIMARY KEY AUTOINCREMENT NOT NULL, "enunciado" text, "tipo" integer, "template_id" integer NOT NULL, "created_at" datetime(6) NOT NULL, "updated_at" datetime(6) NOT NULL, CONSTRAINT "fk_rails_480482cabf"
FOREIGN KEY ("template_id")
  REFERENCES "templates" ("id")
) /*application='CamaarProj'*/[0m
  [1m[35m (0.4ms)[0m  [1m[35mCREATE INDEX "index_questoes_on_template_id" ON "questoes" ("template_id") /*application='CamaarProj'*/[0m
  [1m[36mActiveRecord::SchemaMigration Create (0.7ms)[0m  [1m[32mINSERT INTO "schema_migrations" ("version") VALUES ('20251129191758') RETURNING "version" /*application='CamaarProj'*/[0m
  [1m[36mTRANSACTION (0.5ms)[0m  [1m[35mCOMMIT TRANSACTION /*application='CamaarProj'*/[0m
Migrating to CreateOpcoes (20251129191802)
  [1m[36mTRANSACTION (0.2ms)[0m  [1m[35mBEGIN immediate TRANSACTION /*application='CamaarProj'*/[0m
  [1m[35m (3.5ms)[0m  [1m[35mCREATE TABLE "opcoes" ("id" integer PRIMARY KEY AUTOINCREMENT NOT NULL, "texto_opcao" varchar, "questao_id" integer NOT NULL, "created_at" datetime(6) NOT NULL, "updated_at" datetime(6) NOT NULL, CONSTRAINT "fk_rails_b8c34c306e"
FOREIGN KEY ("questao_id")
  REFERENCES "questoes" ("id")
) /*application='CamaarProj'*/[0m
  [1m[35m (0.3ms)[0m  [1m[35mCREATE INDEX "index_opcoes_on_questao_id" ON "opcoes" ("questao_id") /*application='CamaarProj'*/[0m
  [1m[36mActiveRecord::SchemaMigration Create (0.3ms)[0m  [1m[32mINSERT INTO "schema_migrations" ("version") VALUES ('20251129191802') RETURNING "version" /*application='CamaarProj'*/[0m
  [1m[36mTRANSACTION (0.4ms)[0m  [1m[35mCOMMIT TRANSACTION /*application='CamaarProj'*/[0m
Migrating to CreateFormularios (20251129191807)
  [1m[36mTRANSACTION (0.2ms)[0m  [1m[35mBEGIN immediate TRANSACTION /*application='CamaarProj'*/[0m
  [1m[35m (4.1ms)[0m  [1m[35mCREATE TABLE "formularios" ("id" integer PRIMARY KEY AUTOINCREMENT NOT NULL, "titulo_envio" varchar, "data_criacao" datetime(6), "template_id" integer NOT NULL, "turma_id" integer NOT NULL, "created_at" datetime(6) NOT NULL, "updated_at" datetime(6) NOT NULL, CONSTRAINT "fk_rails_93cfa19b36"
FOREIGN KEY ("template_id")
  REFERENCES "templates" ("id")
, CONSTRAINT "fk_rails_5a2be0c3c1"
FOREIGN KEY ("turma_id")
  REFERENCES "turmas" ("id")
) /*application='CamaarProj'*/[0m
  [1m[35m (0.3ms)[0m  [1m[35mCREATE INDEX "index_formularios_on_template_id" ON "formularios" ("template_id") /*application='CamaarProj'*/[0m
  [1m[35m (0.7ms)[0m  [1m[35mCREATE INDEX "index_formularios_on_turma_id" ON "formularios" ("turma_id") /*application='CamaarProj'*/[0m
  [1m[36mActiveRecord::SchemaMigration Create (0.3ms)[0m  [1m[32mINSERT INTO "schema_migrations" ("version") VALUES ('20251129191807') RETURNING "version" /*application='CamaarProj'*/[0m
  [1m[36mTRANSACTION (0.4ms)[0m  [1m[35mCOMMIT TRANSACTION /*application='CamaarProj'*/[0m
Migrating to CreateRespostas (20251129191822)
  [1m[36mTRANSACTION (0.2ms)[0m  [1m[35mBEGIN immediate TRANSACTION /*application='CamaarProj'*/[0m
  [1m[35m (5.5ms)[0m  [1m[35mCREATE TABLE "respostas" ("id" integer PRIMARY KEY AUTOINCREMENT NOT NULL, "data_submissao" datetime(6), "formulario_id" integer NOT NULL, "id_participante" integer NOT NULL, "created_at" datetime(6) NOT NULL, "updated_at" datetime(6) NOT NULL, CONSTRAINT "fk_rails_bd8b529c1e"
FOREIGN KEY ("formulario_id")
  REFERENCES "formularios" ("id")
) /*application='CamaarProj'*/[0m
  [1m[35m (0.4ms)[0m  [1m[35mCREATE INDEX "index_respostas_on_formulario_id" ON "respostas" ("formulario_id") /*application='CamaarProj'*/[0m
  [1m[35mSQL (0.1ms)[0m  [1m[35mPRAGMA foreign_keys /*application='CamaarProj'*/[0m
  [1m[35mSQL (0.2ms)[0m  [1m[35mPRAGMA defer_foreign_keys /*application='CamaarProj'*/[0m
  [1m[35m (0.1ms)[0m  [1m[35mPRAGMA defer_foreign_keys = ON /*application='CamaarProj'*/[0m
  [1m[35m (0.1ms)[0m  [1m[35mPRAGMA foreign_keys = OFF /*application='CamaarProj'*/[0m
  [1m[35m (0.5ms)[0m  [1m[35mCREATE TEMPORARY TABLE "arespostas" ("id" integer PRIMARY KEY AUTOINCREMENT NOT NULL, "data_submissao" datetime(6), "formulario_id" integer NOT NULL, "id_participante" integer NOT NULL, "created_at" datetime(6) NOT NULL, "updated_at" datetime(6) NOT NULL) /*application='CamaarProj'*/[0m
  [1m[35m (0.4ms)[0m  [1m[35mCREATE INDEX "tindex_arespostas_on_formulario_id" ON "arespostas" ("formulario_id") /*application='CamaarProj'*/[0m
  [1m[35mSQL (0.2ms)[0m  [1m[32mINSERT INTO "arespostas" ("id","data_submissao","formulario_id","id_participante","created_at","updated_at")
                     SELECT "id","data_submissao","formulario_id","id_participante","created_at","updated_at" FROM "respostas" /*application='CamaarProj'*/[0m
  [1m[35m (0.6ms)[0m  [1m[35mDROP TABLE "respostas" /*application='CamaarProj'*/[0m
  [1m[35m (0.9ms)[0m  [1m[35mCREATE TABLE "respostas" ("id" integer PRIMARY KEY AUTOINCREMENT NOT NULL, "data_submissao" datetime(6), "formulario_id" integer NOT NULL, "id_participante" integer NOT NULL, "created_at" datetime(6) NOT NULL, "updated_at" datetime(6) NOT NULL, CONSTRAINT "fk_rails_bd8b529c1e"
FOREIGN KEY ("formulario_id")
  REFERENCES "formularios" ("id")
, CONSTRAINT "fk_rails_028e38aa57"
FOREIGN KEY ("id_participante")
  REFERENCES "usuarios" ("id")
) /*application='CamaarProj'*/[0m
  [1m[35m (0.4ms)[0m  [1m[35mCREATE INDEX "index_respostas_on_formulario_id" ON "respostas" ("formulario_id") /*application='CamaarProj'*/[0m
  [1m[35mSQL (0.2ms)[0m  [1m[32mINSERT INTO "respostas" ("id","data_submissao","formulario_id","id_participante","created_at","updated_at")
                     SELECT "id","data_submissao","formulario_id","id_participante","created_at","updated_at" FROM "arespostas" /*application='CamaarProj'*/[0m
  [1m[35m (0.3ms)[0m  [1m[35mDROP TABLE "arespostas" /*application='CamaarProj'*/[0m
  [1m[35m (0.1ms)[0m  [1m[35mPRAGMA defer_foreign_keys = 0 /*application='CamaarProj'*/[0m
  [1m[35m (0.1ms)[0m  [1m[35mPRAGMA foreign_keys = 1 /*application='CamaarProj'*/[0m
  [1m[35m (0.4ms)[0m  [1m[35mCREATE INDEX "index_respostas_on_id_participante" ON "respostas" ("id_participante") /*application='CamaarProj'*/[0m
  [1m[36mActiveRecord::SchemaMigration Create (1.1ms)[0m  [1m[32mINSERT INTO "schema_migrations" ("version") VALUES ('20251129191822') RETURNING "version" /*application='CamaarProj'*/[0m
  [1m[36mTRANSACTION (0.5ms)[0m  [1m[35mCOMMIT TRANSACTION /*application='CamaarProj'*/[0m
Migrating to CreateRespostaItems (20251129191826)
  [1m[36mTRANSACTION (0.1ms)[0m  [1m[35mBEGIN immediate TRANSACTION /*application='CamaarProj'*/[0m
  [1m[35m (3.6ms)[0m  [1m[35mCREATE TABLE "resposta_items" ("id" integer PRIMARY KEY AUTOINCREMENT NOT NULL, "texto_resposta" text, "resposta_id" integer NOT NULL, "questao_id" integer NOT NULL, "id_opcao_escolhida" integer, "created_at" datetime(6) NOT NULL, "updated_at" datetime(6) NOT NULL, CONSTRAINT "fk_rails_c65c7ae1af"
FOREIGN KEY ("resposta_id")
  REFERENCES "resposta" ("id")
, CONSTRAINT "fk_rails_21530825a3"
FOREIGN KEY ("questao_id")
  REFERENCES "questoes" ("id")
) /*application='CamaarProj'*/[0m
  [1m[35m (0.6ms)[0m  [1m[35mCREATE INDEX "index_resposta_items_on_resposta_id" ON "resposta_items" ("resposta_id") /*application='CamaarProj'*/[0m
  [1m[35m (0.3ms)[0m  [1m[35mCREATE INDEX "index_resposta_items_on_questao_id" ON "resposta_items" ("questao_id") /*application='CamaarProj'*/[0m
  [1m[35mSQL (0.1ms)[0m  [1m[35mPRAGMA foreign_keys /*application='CamaarProj'*/[0m
  [1m[35mSQL (0.2ms)[0m  [1m[35mPRAGMA defer_foreign_keys /*application='CamaarProj'*/[0m
  [1m[35m (0.1ms)[0m  [1m[35mPRAGMA defer_foreign_keys = ON /*application='CamaarProj'*/[0m
  [1m[35m (0.1ms)[0m  [1m[35mPRAGMA foreign_keys = OFF /*application='CamaarProj'*/[0m
  [1m[35m (0.7ms)[0m  [1m[35mCREATE TEMPORARY TABLE "aresposta_items" ("id" integer PRIMARY KEY AUTOINCREMENT NOT NULL, "texto_resposta" text, "resposta_id" integer NOT NULL, "questao_id" integer NOT NULL, "id_opcao_escolhida" integer, "created_at" datetime(6) NOT NULL, "updated_at" datetime(6) NOT NULL) /*application='CamaarProj'*/[0m
  [1m[35m (0.6ms)[0m  [1m[35mCREATE INDEX "tindex_aresposta_items_on_questao_id" ON "aresposta_items" ("questao_id") /*application='CamaarProj'*/[0m
  [1m[35m (0.3ms)[0m  [1m[35mCREATE INDEX "tindex_aresposta_items_on_resposta_id" ON "aresposta_items" ("resposta_id") /*application='CamaarProj'*/[0m
  [1m[35mSQL (0.5ms)[0m  [1m[32mINSERT INTO "aresposta_items" ("id","texto_resposta","resposta_id","questao_id","id_opcao_escolhida","created_at","updated_at")
                     SELECT "id","texto_resposta","resposta_id","questao_id","id_opcao_escolhida","created_at","updated_at" FROM "resposta_items" /*application='CamaarProj'*/[0m
  [1m[35m (0.4ms)[0m  [1m[35mDROP TABLE "resposta_items" /*application='CamaarProj'*/[0m
  [1m[35m (0.4ms)[0m  [1m[35mCREATE TABLE "resposta_items" ("id" integer PRIMARY KEY AUTOINCREMENT NOT NULL, "texto_resposta" text, "resposta_id" integer NOT NULL, "questao_id" integer NOT NULL, "id_opcao_escolhida" integer, "created_at" datetime(6) NOT NULL, "updated_at" datetime(6) NOT NULL, CONSTRAINT "fk_rails_21530825a3"
FOREIGN KEY ("questao_id")
  REFERENCES "questoes" ("id")
, CONSTRAINT "fk_rails_c65c7ae1af"
FOREIGN KEY ("resposta_id")
  REFERENCES "resposta" ("id")
, CONSTRAINT "fk_rails_b64ca08a7a"
FOREIGN KEY ("id_opcao_escolhida")
  REFERENCES "opcoes" ("id")
) /*application='CamaarProj'*/[0m
  [1m[35m (0.5ms)[0m  [1m[35mCREATE INDEX "index_resposta_items_on_resposta_id" ON "resposta_items" ("resposta_id") /*application='CamaarProj'*/[0m
  [1m[35m (0.3ms)[0m  [1m[35mCREATE INDEX "index_resposta_items_on_questao_id" ON "resposta_items" ("questao_id") /*application='CamaarProj'*/[0m
  [1m[35mSQL (1.1ms)[0m  [1m[32mINSERT INTO "resposta_items" ("id","texto_resposta","resposta_id","questao_id","id_opcao_escolhida","created_at","updated_at")
                     SELECT "id","texto_resposta","resposta_id","questao_id","id_opcao_escolhida","created_at","updated_at" FROM "aresposta_items" /*application='CamaarProj'*/[0m
  [1m[35m (0.1ms)[0m  [1m[35mPRAGMA defer_foreign_keys = 0 /*application='CamaarProj'*/[0m
  [1m[35m (0.1ms)[0m  [1m[35mPRAGMA foreign_keys = 1 /*application='CamaarProj'*/[0m
  [1m[36mTRANSACTION (0.5ms)[0m  [1m[31mROLLBACK TRANSACTION /*application='CamaarProj'*/[0m
  [1m[36mActiveRecord::InternalMetadata Load (0.4ms)[0m  [1m[34mSELECT * FROM "ar_internal_metadata" WHERE "ar_internal_metadata"."key" = 'environment' ORDER BY "ar_internal_metadata"."key" ASC LIMIT 1 /*application='CamaarProj'*/[0m
  [1m[36mActiveRecord::SchemaMigration Load (0.2ms)[0m  [1m[34mSELECT "schema_migrations"."version" FROM "schema_migrations" ORDER BY "schema_migrations"."version" ASC /*application='CamaarProj'*/[0m
Migrating to CreateRespostaItems (20251129191826)
  [1m[36mTRANSACTION (0.2ms)[0m  [1m[35mBEGIN immediate TRANSACTION /*application='CamaarProj'*/[0m
  [1m[35m (4.1ms)[0m  [1m[35mCREATE TABLE "resposta_items" ("id" integer PRIMARY KEY AUTOINCREMENT NOT NULL, "texto_resposta" text, "resposta_id" integer NOT NULL, "questao_id" integer NOT NULL, "id_opcao_escolhida" integer, "created_at" datetime(6) NOT NULL, "updated_at" datetime(6) NOT NULL, CONSTRAINT "fk_rails_c65c7ae1af"
FOREIGN KEY ("resposta_id")
  REFERENCES "respostas" ("id")
, CONSTRAINT "fk_rails_21530825a3"
FOREIGN KEY ("questao_id")
  REFERENCES "questoes" ("id")
) /*application='CamaarProj'*/[0m
  [1m[35m (0.4ms)[0m  [1m[35mCREATE INDEX "index_resposta_items_on_resposta_id" ON "resposta_items" ("resposta_id") /*application='CamaarProj'*/[0m
  [1m[35m (0.3ms)[0m  [1m[35mCREATE INDEX "index_resposta_items_on_questao_id" ON "resposta_items" ("questao_id") /*application='CamaarProj'*/[0m
  [1m[35mSQL (0.1ms)[0m  [1m[35mPRAGMA foreign_keys /*application='CamaarProj'*/[0m
  [1m[35mSQL (0.1ms)[0m  [1m[35mPRAGMA defer_foreign_keys /*application='CamaarProj'*/[0m
  [1m[35m (0.1ms)[0m  [1m[35mPRAGMA defer_foreign_keys = ON /*application='CamaarProj'*/[0m
  [1m[35m (0.1ms)[0m  [1m[35mPRAGMA foreign_keys = OFF /*application='CamaarProj'*/[0m
  [1m[35m (0.8ms)[0m  [1m[35mCREATE TEMPORARY TABLE "aresposta_items" ("id" integer PRIMARY KEY AUTOINCREMENT NOT NULL, "texto_resposta" text, "resposta_id" integer NOT NULL, "questao_id" integer NOT NULL, "id_opcao_escolhida" integer, "created_at" datetime(6) NOT NULL, "updated_at" datetime(6) NOT NULL) /*application='CamaarProj'*/[0m
  [1m[35m (0.3ms)[0m  [1m[35mCREATE INDEX "tindex_aresposta_items_on_questao_id" ON "aresposta_items" ("questao_id") /*application='CamaarProj'*/[0m
  [1m[35m (0.3ms)[0m  [1m[35mCREATE INDEX "tindex_aresposta_items_on_resposta_id" ON "aresposta_items" ("resposta_id") /*application='CamaarProj'*/[0m
  [1m[35mSQL (0.2ms)[0m  [1m[32mINSERT INTO "aresposta_items" ("id","texto_resposta","resposta_id","questao_id","id_opcao_escolhida","created_at","updated_at")
                     SELECT "id","texto_resposta","resposta_id","questao_id","id_opcao_escolhida","created_at","updated_at" FROM "resposta_items" /*application='CamaarProj'*/[0m
  [1m[35m (0.9ms)[0m  [1m[35mDROP TABLE "resposta_items" /*application='CamaarProj'*/[0m
  [1m[35m (0.4ms)[0m  [1m[35mCREATE TABLE "resposta_items" ("id" integer PRIMARY KEY AUTOINCREMENT NOT NULL, "texto_resposta" text, "resposta_id" integer NOT NULL, "questao_id" integer NOT NULL, "id_opcao_escolhida" integer, "created_at" datetime(6) NOT NULL, "updated_at" datetime(6) NOT NULL, CONSTRAINT "fk_rails_21530825a3"
FOREIGN KEY ("questao_id")
  REFERENCES "questoes" ("id")
, CONSTRAINT "fk_rails_c65c7ae1af"
FOREIGN KEY ("resposta_id")
  REFERENCES "respostas" ("id")
, CONSTRAINT "fk_rails_b64ca08a7a"
FOREIGN KEY ("id_opcao_escolhida")
  REFERENCES "opcoes" ("id")
) /*application='CamaarProj'*/[0m
  [1m[35m (0.3ms)[0m  [1m[35mCREATE INDEX "index_resposta_items_on_resposta_id" ON "resposta_items" ("resposta_id") /*application='CamaarProj'*/[0m
  [1m[35m (0.3ms)[0m  [1m[35mCREATE INDEX "index_resposta_items_on_questao_id" ON "resposta_items" ("questao_id") /*application='CamaarProj'*/[0m
  [1m[35mSQL (0.2ms)[0m  [1m[32mINSERT INTO "resposta_items" ("id","texto_resposta","resposta_id","questao_id","id_opcao_escolhida","created_at","updated_at")
                     SELECT "id","texto_resposta","resposta_id","questao_id","id_opcao_escolhida","created_at","updated_at" FROM "aresposta_items" /*application='CamaarProj'*/[0m
  [1m[35m (0.5ms)[0m  [1m[35mDROP TABLE "aresposta_items" /*application='CamaarProj'*/[0m
  [1m[35m (0.1ms)[0m  [1m[35mPRAGMA defer_foreign_keys = 0 /*application='CamaarProj'*/[0m
  [1m[35m (0.1ms)[0m  [1m[35mPRAGMA foreign_keys = 1 /*application='CamaarProj'*/[0m
  [1m[35m (0.5ms)[0m  [1m[35mCREATE INDEX "index_resposta_items_on_id_opcao_escolhida" ON "resposta_items" ("id_opcao_escolhida") /*application='CamaarProj'*/[0m
  [1m[36mActiveRecord::SchemaMigration Create (0.3ms)[0m  [1m[32mINSERT INTO "schema_migrations" ("version") VALUES ('20251129191826') RETURNING "version" /*application='CamaarProj'*/[0m
  [1m[36mTRANSACTION (4.9ms)[0m  [1m[35mCOMMIT TRANSACTION /*application='CamaarProj'*/[0m
  [1m[36mActiveRecord::SchemaMigration Load (0.2ms)[0m  [1m[34mSELECT "schema_migrations"."version" FROM "schema_migrations" ORDER BY "schema_migrations"."version" ASC /*application='CamaarProj'*/[0m
